Using pre-set license
Built from '2022.3/staging' branch; Version is '2022.3.3f1 (7cdc2969a641) revision 8182825'; Using compiler version '192829333'; Build Type 'Release'
OS: 'Windows 11  (10.0.22621) 64bit Professional' Language: 'es' Physical Memory: 32677 MB
BatchMode: 1, IsHumanControllingUs: 0, StartBugReporterOnCrash: 0, Is64bit: 1, IsPro: 1

COMMAND LINE ARGUMENTS:
C:\Program Files\Unity\Hub\Editor\2022.3.3f1\Editor\Unity.exe
-adb2
-batchMode
-noUpm
-name
AssetImportWorker0
-projectPath
D:/GitHub/Animation_Octpus_Scorpion/Animation_Octopus_Scorpion/AA2_RomeroVictor_LopezEric_OctopusController/MyUnityProject
-logFile
Logs/AssetImportWorker0.log
-srvPort
54490
Successfully changed project path to: D:/GitHub/Animation_Octpus_Scorpion/Animation_Octopus_Scorpion/AA2_RomeroVictor_LopezEric_OctopusController/MyUnityProject
D:/GitHub/Animation_Octpus_Scorpion/Animation_Octopus_Scorpion/AA2_RomeroVictor_LopezEric_OctopusController/MyUnityProject
[UnityMemory] Configuration Parameters - Can be set up in boot.config
    "memorysetup-bucket-allocator-granularity=16"
    "memorysetup-bucket-allocator-bucket-count=8"
    "memorysetup-bucket-allocator-block-size=33554432"
    "memorysetup-bucket-allocator-block-count=8"
    "memorysetup-main-allocator-block-size=16777216"
    "memorysetup-thread-allocator-block-size=16777216"
    "memorysetup-gfx-main-allocator-block-size=16777216"
    "memorysetup-gfx-thread-allocator-block-size=16777216"
    "memorysetup-cache-allocator-block-size=4194304"
    "memorysetup-typetree-allocator-block-size=2097152"
    "memorysetup-profiler-bucket-allocator-granularity=16"
    "memorysetup-profiler-bucket-allocator-bucket-count=8"
    "memorysetup-profiler-bucket-allocator-block-size=33554432"
    "memorysetup-profiler-bucket-allocator-block-count=8"
    "memorysetup-profiler-allocator-block-size=16777216"
    "memorysetup-profiler-editor-allocator-block-size=1048576"
    "memorysetup-temp-allocator-size-main=16777216"
    "memorysetup-job-temp-allocator-block-size=2097152"
    "memorysetup-job-temp-allocator-block-size-background=1048576"
    "memorysetup-job-temp-allocator-reduction-small-platforms=262144"
    "memorysetup-allocator-temp-initial-block-size-main=262144"
    "memorysetup-allocator-temp-initial-block-size-worker=262144"
    "memorysetup-temp-allocator-size-background-worker=32768"
    "memorysetup-temp-allocator-size-job-worker=262144"
    "memorysetup-temp-allocator-size-preload-manager=33554432"
    "memorysetup-temp-allocator-size-nav-mesh-worker=65536"
    "memorysetup-temp-allocator-size-audio-worker=65536"
    "memorysetup-temp-allocator-size-cloud-worker=32768"
    "memorysetup-temp-allocator-size-gi-baking-worker=262144"
    "memorysetup-temp-allocator-size-gfx=262144"
Player connection [38088] Host "[IP] 192.168.1.35 [Port] 0 [Flags] 2 [Guid] 1069338385 [EditorId] 1069338385 [Version] 1048832 [Id] WindowsEditor(7,DESKTOP-4S41HN3) [Debug] 1 [PackageName] WindowsEditor [ProjectName] Editor" joined multi-casting on [225.0.0.222:54997]...

Player connection [38088] Host "[IP] 192.168.1.35 [Port] 0 [Flags] 2 [Guid] 1069338385 [EditorId] 1069338385 [Version] 1048832 [Id] WindowsEditor(7,DESKTOP-4S41HN3) [Debug] 1 [PackageName] WindowsEditor [ProjectName] Editor" joined alternative multi-casting on [225.0.0.222:34997]...

Refreshing native plugins compatible for Editor in 7.76 ms, found 2 plugins.
Preloading 0 native plugins for Editor in 0.00 ms.
Initialize engine version: 2022.3.3f1 (7cdc2969a641)
[Subsystems] Discovering subsystems at path C:/Program Files/Unity/Hub/Editor/2022.3.3f1/Editor/Data/Resources/UnitySubsystems
[Subsystems] Discovering subsystems at path D:/GitHub/Animation_Octpus_Scorpion/Animation_Octopus_Scorpion/AA2_RomeroVictor_LopezEric_OctopusController/MyUnityProject/Assets
GfxDevice: creating device client; threaded=0; jobified=0
Direct3D:
    Version:  Direct3D 11.0 [level 11.1]
    Renderer: NVIDIA GeForce RTX 2070 SUPER (ID=0x1e84)
    Vendor:   NVIDIA
    VRAM:     8003 MB
    Driver:   31.0.15.4633
Initialize mono
Mono path[0] = 'C:/Program Files/Unity/Hub/Editor/2022.3.3f1/Editor/Data/Managed'
Mono path[1] = 'C:/Program Files/Unity/Hub/Editor/2022.3.3f1/Editor/Data/MonoBleedingEdge/lib/mono/unityjit-win32'
Mono config path = 'C:/Program Files/Unity/Hub/Editor/2022.3.3f1/Editor/Data/MonoBleedingEdge/etc'
Using monoOptions --debugger-agent=transport=dt_socket,embedding=1,server=y,suspend=n,address=127.0.0.1:56412
Begin MonoManager ReloadAssembly
Registering precompiled unity dll's ...
Register platform support module: C:/Program Files/Unity/Hub/Editor/2022.3.3f1/Editor/Data/PlaybackEngines/WindowsStandaloneSupport/UnityEditor.WindowsStandalone.Extensions.dll
Registered in 0.006868 seconds.
- Loaded All Assemblies, in  0.298 seconds
Native extension for WindowsStandalone target not found
Mono: successfully reloaded assembly
- Finished resetting the current domain, in  0.236 seconds
Domain Reload Profiling: 533ms
	BeginReloadAssembly (81ms)
		ExecutionOrderSort (0ms)
		DisableScriptedObjects (0ms)
		BackupInstance (0ms)
		ReleaseScriptingObjects (0ms)
		CreateAndSetChildDomain (1ms)
	RebuildCommonClasses (33ms)
	RebuildNativeTypeToScriptingClass (11ms)
	initialDomainReloadingComplete (54ms)
	LoadAllAssembliesAndSetupDomain (118ms)
		LoadAssemblies (78ms)
		RebuildTransferFunctionScriptingTraits (0ms)
		AnalyzeDomain (112ms)
			TypeCache.Refresh (112ms)
				TypeCache.ScanAssembly (103ms)
			ScanForSourceGeneratedMonoScriptInfo (0ms)
			ResolveRequiredComponents (0ms)
	FinalizeReload (237ms)
		ReleaseScriptCaches (0ms)
		RebuildScriptCaches (0ms)
		SetupLoadedEditorAssemblies (186ms)
			LogAssemblyErrors (0ms)
			InitializePlatformSupportModulesInManaged (8ms)
			SetLoadedEditorAssemblies (6ms)
			RefreshPlugins (0ms)
			BeforeProcessingInitializeOnLoad (2ms)
			ProcessInitializeOnLoadAttributes (127ms)
			ProcessInitializeOnLoadMethodAttributes (43ms)
			AfterProcessingInitializeOnLoad (0ms)
			EditorAssembliesLoaded (0ms)
		ExecutionOrderSort2 (0ms)
		AwakeInstancesAfterBackupRestoration (0ms)
========================================================================
Worker process is ready to serve import requests
Begin MonoManager ReloadAssembly
Symbol file LoadedFromMemory is not a mono symbol file
Symbol file LoadedFromMemory is not a mono symbol file
- Loaded All Assemblies, in  0.561 seconds
Refreshing native plugins compatible for Editor in 2.87 ms, found 2 plugins.
Native extension for WindowsStandalone target not found
Mono: successfully reloaded assembly
- Finished resetting the current domain, in  0.567 seconds
Domain Reload Profiling: 1126ms
	BeginReloadAssembly (117ms)
		ExecutionOrderSort (0ms)
		DisableScriptedObjects (5ms)
		BackupInstance (0ms)
		ReleaseScriptingObjects (0ms)
		CreateAndSetChildDomain (19ms)
	RebuildCommonClasses (32ms)
	RebuildNativeTypeToScriptingClass (11ms)
	initialDomainReloadingComplete (38ms)
	LoadAllAssembliesAndSetupDomain (362ms)
		LoadAssemblies (210ms)
		RebuildTransferFunctionScriptingTraits (0ms)
		AnalyzeDomain (207ms)
			TypeCache.Refresh (190ms)
				TypeCache.ScanAssembly (179ms)
			ScanForSourceGeneratedMonoScriptInfo (14ms)
			ResolveRequiredComponents (2ms)
	FinalizeReload (567ms)
		ReleaseScriptCaches (0ms)
		RebuildScriptCaches (0ms)
		SetupLoadedEditorAssemblies (426ms)
			LogAssemblyErrors (0ms)
			InitializePlatformSupportModulesInManaged (5ms)
			SetLoadedEditorAssemblies (4ms)
			RefreshPlugins (0ms)
			BeforeProcessingInitializeOnLoad (54ms)
			ProcessInitializeOnLoadAttributes (219ms)
			ProcessInitializeOnLoadMethodAttributes (133ms)
			AfterProcessingInitializeOnLoad (10ms)
			EditorAssembliesLoaded (0ms)
		ExecutionOrderSort2 (0ms)
		AwakeInstancesAfterBackupRestoration (7ms)
Launched and connected shader compiler UnityShaderCompiler.exe after 0.04 seconds
Refreshing native plugins compatible for Editor in 3.95 ms, found 2 plugins.
Preloading 0 native plugins for Editor in 0.00 ms.
Unloading 2306 Unused Serialized files (Serialized files now loaded: 0)
Unloading 40 unused Assets / (60.6 KB). Loaded Objects now: 2784.
Memory consumption went from 113.0 MB to 112.9 MB.
Total: 8.351900 ms (FindLiveObjects: 0.264100 ms CreateObjectMapping: 0.071700 ms MarkObjects: 7.872200 ms  DeleteObjects: 0.142100 ms)

AssetImportParameters requested are different than current active one (requested -> active):
  custom:video-decoder-webm-vp8: 9c59270c3fd7afecdb556c50c9e8de78 -> 
  custom:container-demuxer-ogg: 62fdf1f143b41e24485cea50d1cbac27 -> 
  custom:AudioImporter_EditorPlatform: d09bf68614088b80899f8185d706f6e7 -> 
  custom:video-decoder-ogg-theora: a1e56fd34408186e4bbccfd4996cb3dc -> 
  custom:framework-win-MediaFoundation: 216162199b28c13a410421893ffa2e32 -> 
  custom:video-encoder-webm-vp8: eb34c28f22e8b96e1ab97ce403110664 -> 
  custom:audio-decoder-ogg-vorbis: bf7c407c2cedff20999df2af8eb42d56 -> 
  custom:container-demuxer-webm: 4f35f7cbe854078d1ac9338744f61a02 -> 
  custom:audio-encoder-webm-vorbis: bf7c407c2cedff20999df2af8eb42d56 -> 
  custom:container-muxer-webm: aa71ff27fc2769a1b78a27578f13a17b -> 
========================================================================
Received Import Request.
  Time since last request: 87181.798479 seconds.
  path: Assets/Scripts/Other/Reset.cs
  artifactKey: Guid(9cf52fb2777c84e43b826496eba042bc) Importer(815301076,1909f56bfc062723c751e8b465ee728b)
Start importing Assets/Scripts/Other/Reset.cs using Guid(9cf52fb2777c84e43b826496eba042bc) Importer(815301076,1909f56bfc062723c751e8b465ee728b)  -> (artifact id: 'f88a9c76584625a19ffe24e18715362f') in 0.002955 seconds
Number of updated asset objects reloaded before import = 0
Number of asset objects unloaded after import = 0
========================================================================
Received Import Request.
  Time since last request: 27.194430 seconds.
  path: Assets/Resources
  artifactKey: Guid(cab2665c3b8b25e46aad72fc21f5f771) Importer(815301076,1909f56bfc062723c751e8b465ee728b)
Start importing Assets/Resources using Guid(cab2665c3b8b25e46aad72fc21f5f771) Importer(815301076,1909f56bfc062723c751e8b465ee728b)  -> (artifact id: '1dc4a2a8cec2363179e627e75a3b377b') in 0.000446 seconds
Number of updated asset objects reloaded before import = 0
Number of asset objects unloaded after import = 0
========================================================================
Received Import Request.
  Time since last request: 1012.114543 seconds.
  path: Assets/MovingBall.cs
  artifactKey: Guid(1537c169f06908442bf4b9e9d72334f4) Importer(815301076,1909f56bfc062723c751e8b465ee728b)
Start importing Assets/MovingBall.cs using Guid(1537c169f06908442bf4b9e9d72334f4) Importer(815301076,1909f56bfc062723c751e8b465ee728b)  -> (artifact id: '7c9fc24c100c3d378a3dbbd7182ac564') in 0.000442 seconds
Number of updated asset objects reloaded before import = 0
Number of asset objects unloaded after import = 0
========================================================================
Received Prepare
Begin MonoManager ReloadAssembly
Symbol file LoadedFromMemory is not a mono symbol file
Symbol file LoadedFromMemory is not a mono symbol file
- Loaded All Assemblies, in  0.582 seconds
Refreshing native plugins compatible for Editor in 2.58 ms, found 2 plugins.
Native extension for WindowsStandalone target not found
Mono: successfully reloaded assembly
- Finished resetting the current domain, in  0.684 seconds
Domain Reload Profiling: 1264ms
	BeginReloadAssembly (149ms)
		ExecutionOrderSort (0ms)
		DisableScriptedObjects (7ms)
		BackupInstance (0ms)
		ReleaseScriptingObjects (0ms)
		CreateAndSetChildDomain (48ms)
	RebuildCommonClasses (31ms)
	RebuildNativeTypeToScriptingClass (14ms)
	initialDomainReloadingComplete (29ms)
	LoadAllAssembliesAndSetupDomain (357ms)
		LoadAssemblies (218ms)
		RebuildTransferFunctionScriptingTraits (0ms)
		AnalyzeDomain (198ms)
			TypeCache.Refresh (193ms)
				TypeCache.ScanAssembly (179ms)
			ScanForSourceGeneratedMonoScriptInfo (2ms)
			ResolveRequiredComponents (2ms)
	FinalizeReload (684ms)
		ReleaseScriptCaches (0ms)
		RebuildScriptCaches (0ms)
		SetupLoadedEditorAssemblies (421ms)
			LogAssemblyErrors (0ms)
			InitializePlatformSupportModulesInManaged (5ms)
			SetLoadedEditorAssemblies (4ms)
			RefreshPlugins (0ms)
			BeforeProcessingInitializeOnLoad (54ms)
			ProcessInitializeOnLoadAttributes (212ms)
			ProcessInitializeOnLoadMethodAttributes (138ms)
			AfterProcessingInitializeOnLoad (8ms)
			EditorAssembliesLoaded (0ms)
		ExecutionOrderSort2 (0ms)
		AwakeInstancesAfterBackupRestoration (6ms)
Refreshing native plugins compatible for Editor in 3.30 ms, found 2 plugins.
Preloading 0 native plugins for Editor in 0.00 ms.
Unloading 2286 Unused Serialized files (Serialized files now loaded: 0)
Unloading 30 unused Assets / (33.7 KB). Loaded Objects now: 2787.
Memory consumption went from 108.8 MB to 108.7 MB.
Total: 8.264900 ms (FindLiveObjects: 0.372700 ms CreateObjectMapping: 0.086800 ms MarkObjects: 7.705400 ms  DeleteObjects: 0.098600 ms)

Prepare: number of updated asset objects reloaded= 0
AssetImportParameters requested are different than current active one (requested -> active):
  custom:video-decoder-webm-vp8: 9c59270c3fd7afecdb556c50c9e8de78 -> 
  custom:container-demuxer-ogg: 62fdf1f143b41e24485cea50d1cbac27 -> 
  custom:AudioImporter_EditorPlatform: d09bf68614088b80899f8185d706f6e7 -> 
  custom:video-decoder-ogg-theora: a1e56fd34408186e4bbccfd4996cb3dc -> 
  custom:framework-win-MediaFoundation: 216162199b28c13a410421893ffa2e32 -> 
  custom:video-encoder-webm-vp8: eb34c28f22e8b96e1ab97ce403110664 -> 
  custom:audio-decoder-ogg-vorbis: bf7c407c2cedff20999df2af8eb42d56 -> 
  custom:container-demuxer-webm: 4f35f7cbe854078d1ac9338744f61a02 -> 
  custom:audio-encoder-webm-vorbis: bf7c407c2cedff20999df2af8eb42d56 -> 
  custom:container-muxer-webm: aa71ff27fc2769a1b78a27578f13a17b -> 
========================================================================
Received Import Request.
  Time since last request: 737.441956 seconds.
  path: Assets
  artifactKey: Guid(00000000000000001000000000000000) Importer(815301076,1909f56bfc062723c751e8b465ee728b)
Start importing Assets using Guid(00000000000000001000000000000000) Importer(815301076,1909f56bfc062723c751e8b465ee728b)  -> (artifact id: '8a4fe85251aa2e89732c359432baa2c3') in 0.003627 seconds
Number of updated asset objects reloaded before import = 0
Number of asset objects unloaded after import = 0
========================================================================
Received Import Request.
  Time since last request: 10.898813 seconds.
  path: Assets/Trajectory
  artifactKey: Guid(f16442333f592aa44a9a541e5197fa70) Importer(815301076,1909f56bfc062723c751e8b465ee728b)
Start importing Assets/Trajectory using Guid(f16442333f592aa44a9a541e5197fa70) Importer(815301076,1909f56bfc062723c751e8b465ee728b)  -> (artifact id: '5df985612cf2f4f33c1afeebc51c295c') in 0.002331 seconds
Number of updated asset objects reloaded before import = 0
Number of asset objects unloaded after import = 0
========================================================================
Received Import Request.
  Time since last request: 22.265758 seconds.
  path: Assets/Trajectory/BlueMAT.mat
  artifactKey: Guid(b1ca9e6d87ccfa145bd392b188763148) Importer(815301076,1909f56bfc062723c751e8b465ee728b)
Start importing Assets/Trajectory/BlueMAT.mat using Guid(b1ca9e6d87ccfa145bd392b188763148) Importer(815301076,1909f56bfc062723c751e8b465ee728b)  -> (artifact id: '015af59db8b9730cd769edd91d2dc861') in 0.177103 seconds
Number of updated asset objects reloaded before import = 0
Number of asset objects unloaded after import = 1
========================================================================
Received Import Request.
  Time since last request: 6.222634 seconds.
  path: Assets/Trajectory/BlueT.mat
  artifactKey: Guid(b1ca9e6d87ccfa145bd392b188763148) Importer(815301076,1909f56bfc062723c751e8b465ee728b)
Start importing Assets/Trajectory/BlueT.mat using Guid(b1ca9e6d87ccfa145bd392b188763148) Importer(815301076,1909f56bfc062723c751e8b465ee728b)  -> (artifact id: 'c9d67f55caa3ef19b72dacda560f5682') in 0.007328 seconds
Number of updated asset objects reloaded before import = 0
Number of asset objects unloaded after import = 1
========================================================================
Received Import Request.
  Time since last request: 51.727449 seconds.
  path: Assets/Trajectory/BlueTextrue.mat
  artifactKey: Guid(b1ca9e6d87ccfa145bd392b188763148) Importer(815301076,1909f56bfc062723c751e8b465ee728b)
Start importing Assets/Trajectory/BlueTextrue.mat using Guid(b1ca9e6d87ccfa145bd392b188763148) Importer(815301076,1909f56bfc062723c751e8b465ee728b)  -> (artifact id: 'c84a1d738d5ae7f8e7ac8143d7fa87f1') in 0.007213 seconds
Number of updated asset objects reloaded before import = 0
Number of asset objects unloaded after import = 1
========================================================================
Received Import Request.
  Time since last request: 15.155523 seconds.
  path: Assets/Trajectory/GreyTexture.mat
  artifactKey: Guid(16d49bf1df550d04a911f6a770f8043e) Importer(815301076,1909f56bfc062723c751e8b465ee728b)
Start importing Assets/Trajectory/GreyTexture.mat using Guid(16d49bf1df550d04a911f6a770f8043e) Importer(815301076,1909f56bfc062723c751e8b465ee728b)  -> (artifact id: '94c121fae57846edcd1ab3d891939a0e') in 0.009694 seconds
Number of updated asset objects reloaded before import = 0
Number of asset objects unloaded after import = 1
========================================================================
Received Import Request.
  Time since last request: 50.067525 seconds.
  path: Assets/Trajectory/BlueSphere.prefab
  artifactKey: Guid(b9792d438fda1d844971f1bd600ced38) Importer(815301076,1909f56bfc062723c751e8b465ee728b)
Start importing Assets/Trajectory/BlueSphere.prefab using Guid(b9792d438fda1d844971f1bd600ced38) Importer(815301076,1909f56bfc062723c751e8b465ee728b)  -> (artifact id: '0216792c631301b36d87b342e94567dc') in 0.011043 seconds
Number of updated asset objects reloaded before import = 0
Number of asset objects unloaded after import = 4
========================================================================
Received Import Request.
  Time since last request: 19.390823 seconds.
  path: Assets/Trajectory/BlueSphere.prefab
  artifactKey: Guid(b9792d438fda1d844971f1bd600ced38) Importer(815301076,1909f56bfc062723c751e8b465ee728b)
Start importing Assets/Trajectory/BlueSphere.prefab using Guid(b9792d438fda1d844971f1bd600ced38) Importer(815301076,1909f56bfc062723c751e8b465ee728b)  -> (artifact id: 'd67a274fef31ef3429d05201501615bd') in 0.003736 seconds
Number of updated asset objects reloaded before import = 0
Number of asset objects unloaded after import = 5
========================================================================
Received Import Request.
  Time since last request: 7.675728 seconds.
  path: Assets/Trajectory/BlueSphere.prefab
  artifactKey: Guid(b9792d438fda1d844971f1bd600ced38) Importer(815301076,1909f56bfc062723c751e8b465ee728b)
Start importing Assets/Trajectory/BlueSphere.prefab using Guid(b9792d438fda1d844971f1bd600ced38) Importer(815301076,1909f56bfc062723c751e8b465ee728b)  -> (artifact id: 'f638f30ea05336cabc5ff6e26a8410af') in 0.004424 seconds
Number of updated asset objects reloaded before import = 0
Number of asset objects unloaded after import = 6
========================================================================
Received Import Request.
  Time since last request: 2.285945 seconds.
  path: Assets/Trajectory/BlueSphere.prefab
  artifactKey: Guid(b9792d438fda1d844971f1bd600ced38) Importer(815301076,1909f56bfc062723c751e8b465ee728b)
Start importing Assets/Trajectory/BlueSphere.prefab using Guid(b9792d438fda1d844971f1bd600ced38) Importer(815301076,1909f56bfc062723c751e8b465ee728b)  -> (artifact id: '5b6163ba2df3fb3bfc79f3c97803b3d9') in 0.004174 seconds
Number of updated asset objects reloaded before import = 0
Number of asset objects unloaded after import = 5
========================================================================
Received Import Request.
  Time since last request: 10.484533 seconds.
  path: Assets/Trajectory/BlueSphere.prefab
  artifactKey: Guid(b9792d438fda1d844971f1bd600ced38) Importer(815301076,1909f56bfc062723c751e8b465ee728b)
Start importing Assets/Trajectory/BlueSphere.prefab using Guid(b9792d438fda1d844971f1bd600ced38) Importer(815301076,1909f56bfc062723c751e8b465ee728b)  -> (artifact id: '51ba5c9d59cf74e5d123f1903e6d0314') in 0.004864 seconds
Number of updated asset objects reloaded before import = 0
Number of asset objects unloaded after import = 6
========================================================================
Received Import Request.
  Time since last request: 2.725456 seconds.
  path: Assets/Trajectory/BlueSphere.prefab
  artifactKey: Guid(b9792d438fda1d844971f1bd600ced38) Importer(815301076,1909f56bfc062723c751e8b465ee728b)
Start importing Assets/Trajectory/BlueSphere.prefab using Guid(b9792d438fda1d844971f1bd600ced38) Importer(815301076,1909f56bfc062723c751e8b465ee728b)  -> (artifact id: '452e4831f855dc96a7bd07ae7f93f92c') in 0.003904 seconds
Number of updated asset objects reloaded before import = 0
Number of asset objects unloaded after import = 6
========================================================================
Received Import Request.
  Time since last request: 48.238040 seconds.
  path: Assets/Models/Malcolm/MalcolmIdle.fbx
  artifactKey: Guid(beb3350172c5c804292d88d206b68e43) Importer(815301076,1909f56bfc062723c751e8b465ee728b)
Start importing Assets/Models/Malcolm/MalcolmIdle.fbx using Guid(beb3350172c5c804292d88d206b68e43) Importer(815301076,1909f56bfc062723c751e8b465ee728b)  -> (artifact id: '696ff42f15f8afbc4a9a231b88b49507') in 0.977816 seconds
Number of updated asset objects reloaded before import = 0
Number of asset objects unloaded after import = 191
========================================================================
Received Import Request.
  Time since last request: 2.138884 seconds.
  path: Assets/Models/FootballItems/ball.FBX
  artifactKey: Guid(70f145abed0b4ae48acf34cbafba0570) Importer(815301076,1909f56bfc062723c751e8b465ee728b)
Start importing Assets/Models/FootballItems/ball.FBX using Guid(70f145abed0b4ae48acf34cbafba0570) Importer(815301076,1909f56bfc062723c751e8b465ee728b)  -> (artifact id: 'f753fb6af9ab81cbe3539a8563e6b79f') in 0.009183 seconds
Number of updated asset objects reloaded before import = 0
Number of asset objects unloaded after import = 10
========================================================================
Received Import Request.
  Time since last request: 27.515756 seconds.
  path: Assets/Trajectory/BlueTextrue.mat
  artifactKey: Guid(b1ca9e6d87ccfa145bd392b188763148) Importer(815301076,1909f56bfc062723c751e8b465ee728b)
Start importing Assets/Trajectory/BlueTextrue.mat using Guid(b1ca9e6d87ccfa145bd392b188763148) Importer(815301076,1909f56bfc062723c751e8b465ee728b)  -> (artifact id: '2870490c75756020a2996081552e9ed6') in 0.005543 seconds
Number of updated asset objects reloaded before import = 0
Number of asset objects unloaded after import = 1
Editor requested this worker to shutdown with reason: Scaling down because of idle timeout
TcpMessagingSession - receive error: operation aborted. errorcode: 995, details: La operación de E/S se anuló por una salida de subproceso o por una solicitud de aplicación.
AssetImportWorker is now disconnected from the server
Process exiting
Exiting without the bug reporter. Application will terminate with return code 0